<?xml version="1.0" encoding="UTF-8"?>
<!-- Generated by org.testng.reporters.JUnitReportReporter -->
<testsuite hostname="LAPTOP-67M1RKGT" name="demo.PracticeProject.SeleniumInterviewPreparation" tests="2" failures="0" timestamp="14 Apr 2020 16:32:14 GMT" time="50.341" errors="0">
  <testcase name="switchtoiFrame" time="19.983" classname="demo.PracticeProject.SeleniumInterviewPreparation"/>
  <testcase name="javaScriptExecutor" time="30.358" classname="demo.PracticeProject.SeleniumInterviewPreparation"/>
</testsuite> <!-- demo.PracticeProject.SeleniumInterviewPreparation -->
