<?xml version="1.0" encoding="UTF-8"?>
<!-- Generated by org.testng.reporters.JUnitReportReporter -->
<testsuite hostname="LAPTOP-67M1RKGT" name="demo.PracticeProject.MouseHover" tests="1" failures="0" timestamp="14 Apr 2020 16:32:14 GMT" time="33.595" errors="0">
  <testcase name="ExecuteAutomation" time="33.595" classname="demo.PracticeProject.MouseHover"/>
</testsuite> <!-- demo.PracticeProject.MouseHover -->
