<?xml version="1.0" encoding="UTF-8"?>
<!-- Generated by org.testng.reporters.JUnitReportReporter -->
<testsuite hostname="LAPTOP-67M1RKGT" name="demo.PracticeProject.AllTopicInSeleniumPractice" tests="1" failures="0" timestamp="14 Apr 2020 16:32:14 GMT" time="0.002" errors="0">
  <testcase name="printPrimeNumbers" time="0.002" classname="demo.PracticeProject.AllTopicInSeleniumPractice"/>
</testsuite> <!-- demo.PracticeProject.AllTopicInSeleniumPractice -->
