<?xml version="1.0" encoding="UTF-8"?>
<!-- Generated by org.testng.reporters.JUnitReportReporter -->
<testsuite hostname="LAPTOP-67M1RKGT" name="demo.PracticeProject.AppTest" tests="1" failures="0" timestamp="14 Apr 2020 16:32:14 GMT" time="14.014" errors="0">
  <testcase name="febonacciSeries" time="14.014" classname="demo.PracticeProject.AppTest"/>
</testsuite> <!-- demo.PracticeProject.AppTest -->
