<?xml version="1.0" encoding="UTF-8"?>
<!-- Generated by org.testng.reporters.JUnitReportReporter -->
<testsuite hostname="LAPTOP-67M1RKGT" name="JavaPractice.TestNGAnnotationsTest" tests="3" failures="0" timestamp="22 Apr 2020 10:20:44 GMT" time="0.026" errors="0">
  <testcase name="Test1" time="0.003" classname="JavaPractice.TestNGAnnotationsTest"/>
  <testcase name="Test2" time="0.007" classname="JavaPractice.TestNGAnnotationsTest"/>
  <testcase name="Test3" time="0.016" classname="JavaPractice.TestNGAnnotationsTest"/>
</testsuite> <!-- JavaPractice.TestNGAnnotationsTest -->
