<?xml version="1.0" encoding="UTF-8"?>
<!-- Generated by org.testng.reporters.JUnitReportReporter -->
<testsuite hostname="LAPTOP-67M1RKGT" name="demo.PracticeProject.seleniumPractice" tests="1" failures="0" timestamp="27 Jul 2020 03:59:22 GMT" time="9.169" errors="0">
  <testcase name="loginMethod" time="9.169" classname="demo.PracticeProject.seleniumPractice"/>
</testsuite> <!-- demo.PracticeProject.seleniumPractice -->
