<?xml version="1.0" encoding="UTF-8"?>
<!-- Generated by org.testng.reporters.JUnitReportReporter -->
<testsuite hostname="LAPTOP-67M1RKGT" name="JavaPractice.ReverseWordsInString" tests="1" failures="0" timestamp="11 Aug 2020 06:41:45 GMT" time="0.048" errors="0">
  <testcase name="wordsReverseInString" time="0.048" classname="JavaPractice.ReverseWordsInString"/>
</testsuite> <!-- JavaPractice.ReverseWordsInString -->
