<?xml version="1.0" encoding="UTF-8"?>
<!-- Generated by org.testng.reporters.JUnitReportReporter -->
<testsuite hostname="LAPTOP-67M1RKGT" name="demo.PracticeProject.OtherPractice" tests="3" failures="0" timestamp="14 Apr 2020 16:32:14 GMT" time="112.984" errors="0">
  <testcase name="loginPage" time="47.229" classname="demo.PracticeProject.OtherPractice"/>
  <testcase name="loginPage" time="33.689" classname="demo.PracticeProject.OtherPractice"/>
  <testcase name="loginPage" time="32.066" classname="demo.PracticeProject.OtherPractice"/>
</testsuite> <!-- demo.PracticeProject.OtherPractice -->
