<?xml version="1.0" encoding="UTF-8"?>
<!-- Generated by org.testng.reporters.JUnitReportReporter -->
<testsuite hostname="LAPTOP-67M1RKGT" name="demo.PracticeProject.AppTest" tests="1" failures="0" timestamp="27 May 2020 17:59:36 GMT" time="0.026" errors="0">
  <testcase name="primeNumbers" time="0.026" classname="demo.PracticeProject.AppTest"/>
</testsuite> <!-- demo.PracticeProject.AppTest -->
