<?xml version="1.0" encoding="UTF-8"?>
<!-- Generated by org.testng.reporters.JUnitReportReporter -->
<testsuite hostname="LAPTOP-67M1RKGT" name="demo.PracticeProject.SelectDropDown" tests="2" failures="0" timestamp="14 Apr 2020 16:32:14 GMT" time="59.553" errors="0">
  <testcase name="QaclickAcademyDropdown" time="27.393" classname="demo.PracticeProject.SelectDropDown"/>
  <testcase name="DropDwon" time="32.160" classname="demo.PracticeProject.SelectDropDown"/>
</testsuite> <!-- demo.PracticeProject.SelectDropDown -->
