<?xml version="1.0" encoding="UTF-8"?>
<!-- Generated by org.testng.reporters.JUnitReportReporter -->
<testsuite hostname="LAPTOP-67M1RKGT" name="demo.PracticeProject.Login" tests="1" failures="0" timestamp="8 Jan 2020 05:05:11 GMT" time="18.369" errors="0">
  <testcase name="login" time="18.369" classname="demo.PracticeProject.Login"/>
</testsuite> <!-- demo.PracticeProject.Login -->
