<?xml version="1.0" encoding="UTF-8"?>
<!-- Generated by org.testng.reporters.JUnitReportReporter -->
<testsuite hostname="LAPTOP-67M1RKGT" failures="0" tests="3" name="demo.PracticeProject.OtherPractice" time="123.325" errors="0" timestamp="24 Mar 2020 06:44:04 GMT">
  <testcase classname="demo.PracticeProject.OtherPractice" name="loginPage" time="30.225"/>
  <testcase classname="demo.PracticeProject.OtherPractice" name="loginPage" time="36.747"/>
  <testcase classname="demo.PracticeProject.OtherPractice" name="loginPage" time="56.353"/>
</testsuite> <!-- demo.PracticeProject.OtherPractice -->
